<?xml version="1.0" encoding="UTF-8"?>
<!-- Generated by org.testng.reporters.JUnitReportReporter -->
<testsuite hostname="LAPTOP-HJETVBSG" failures="0" tests="2" name="com.testsuite.Testsuite_TestNG" time="18.217" errors="0" timestamp="2022-07-09T21:22:58 IST" skipped="0">
  <testcase classname="com.testsuite.Testsuite_TestNG" name="TC2" time="9.910"/>
  <system-out/>
  <testcase classname="com.testsuite.Testsuite_TestNG" name="TC1" time="8.307"/>
  <system-out/>
</testsuite> <!-- com.testsuite.Testsuite_TestNG -->
